2017-12-17 01:38:40 Move /home/tuankiet/public_html/Upload/DSA_ASS1/1611695_5.zip to /home/tuankiet/public_html/Source/DSA_ASS1/1611695/6
2017-12-17 01:38:40 Move /home/tuankiet/public_html/Upload/DSA_ASS1/1523233_0.zip to /home/tuankiet/public_html/Source/DSA_ASS1/1523233/1
2017-12-17 01:38:40 Move /home/tuankiet/public_html/Upload/DSA_ASS1/1611695_0.zip to /home/tuankiet/public_html/Source/DSA_ASS1/1611695/7
2017-12-17 01:38:40 Move /home/tuankiet/public_html/Upload/DSA_ASS1/1235456_0.zip to /home/tuankiet/public_html/Source/DSA_ASS1/1235456/1
2017-12-17 01:38:40 Move /home/tuankiet/public_html/Upload/DSA_ASS1/1611245_0.zip to /home/tuankiet/public_html/Source/DSA_ASS1/1611245/1
2017-12-17 01:38:40 Start auto mark for /home/tuankiet/public_html/Source/DSA_ASS1/1611695/7
2017-12-17 01:38:40 Start auto mark for /home/tuankiet/public_html/Source/DSA_ASS1/1523233/1
2017-12-17 01:38:40 Start auto mark for /home/tuankiet/public_html/Source/DSA_ASS1/1523233/1
2017-12-17 01:38:40 Start auto mark for /home/tuankiet/public_html/Source/DSA_ASS1/1611245/1
2017-12-17 01:38:40 Compiling /home/tuankiet/public_html/Source/DSA_ASS1/1611695/7...
2017-12-17 01:38:40 Start auto mark for /home/tuankiet/public_html/Source/DSA_ASS1/1611695/6
2017-12-17 01:38:40 Compiling /home/tuankiet/public_html/Source/DSA_ASS1/1611695/6...
2017-12-17 01:38:40 Compiling /home/tuankiet/public_html/Source/DSA_ASS1/1611245/1...
2017-12-17 01:38:40 Compiling /home/tuankiet/public_html/Source/DSA_ASS1/1523233/1...
2017-12-17 01:38:41 Error in auto mark for /home/tuankiet/public_html/Source/DSA_ASS1/1523233/1:Compile error
2017-12-17 01:38:41 Start auto mark for /home/tuankiet/public_html/Source/DSA_ASS1/1235456/1
2017-12-17 01:38:41 Compiling /home/tuankiet/public_html/Source/DSA_ASS1/1235456/1...
2017-12-17 01:38:42 Running /home/tuankiet/public_html/Source/DSA_ASS1/1611695/6
2017-12-17 01:38:42 Running /home/tuankiet/public_html/Source/DSA_ASS1/1611695/7
2017-12-17 01:38:42 Running /home/tuankiet/public_html/Source/DSA_ASS1/1611245/1
2017-12-17 01:38:42 Marking /home/tuankiet/public_html/Source/DSA_ASS1/1611695/7
2017-12-17 01:38:42 Marking /home/tuankiet/public_html/Source/DSA_ASS1/1611245/1
2017-12-17 01:38:42 Finish auto mark for /home/tuankiet/public_html/Source/DSA_ASS1/1611695/7
2017-12-17 01:38:42 Finish auto mark for /home/tuankiet/public_html/Source/DSA_ASS1/1611245/1
2017-12-17 01:38:43 Running /home/tuankiet/public_html/Source/DSA_ASS1/1235456/1
2017-12-17 01:38:52 Marking /home/tuankiet/public_html/Source/DSA_ASS1/1611695/6
2017-12-17 01:38:52 Finish auto mark for /home/tuankiet/public_html/Source/DSA_ASS1/1611695/6
2017-12-17 01:38:53 Marking /home/tuankiet/public_html/Source/DSA_ASS1/1235456/1
2017-12-17 01:38:53 Finish auto mark for /home/tuankiet/public_html/Source/DSA_ASS1/1235456/1
2017-12-17 01:46:37 Move /home/tuankiet/public_html/Upload/ass2/1611695_5.zip to /home/tuankiet/public_html/Source/ass2/1611695/2
2017-12-17 01:46:37 Move /home/tuankiet/public_html/Upload/ass2/16122222_0.zip to /home/tuankiet/public_html/Source/ass2/16122222/1
2017-12-17 01:46:37 Move /home/tuankiet/public_html/Upload/ass2/160000_0.zip to /home/tuankiet/public_html/Source/ass2/160000/1
2017-12-17 01:46:37 Move /home/tuankiet/public_html/Upload/ass2/16111111_0.zip to /home/tuankiet/public_html/Source/ass2/16111111/1
2017-12-17 01:46:37 Move /home/tuankiet/public_html/Upload/ass2/1611695_0.zip to /home/tuankiet/public_html/Source/ass2/1611695/3
2017-12-17 01:46:37 Start auto mark for /home/tuankiet/public_html/Source/ass2/1611695/3
2017-12-17 01:46:37 Compiling /home/tuankiet/public_html/Source/ass2/1611695/3...
2017-12-17 01:46:38 Running /home/tuankiet/public_html/Source/ass2/1611695/3
2017-12-17 01:46:38 Marking /home/tuankiet/public_html/Source/ass2/1611695/3
2017-12-17 01:46:38 Finish auto mark for /home/tuankiet/public_html/Source/ass2/1611695/3
2017-12-17 01:46:38 Start auto mark for /home/tuankiet/public_html/Source/ass2/16111111/1
2017-12-17 01:46:38 Compiling /home/tuankiet/public_html/Source/ass2/16111111/1...
2017-12-17 01:46:40 Error in auto mark for /home/tuankiet/public_html/Source/ass2/16111111/1:Compile error
2017-12-17 01:46:40 Start auto mark for /home/tuankiet/public_html/Source/ass2/1611695/2
2017-12-17 01:46:40 Compiling /home/tuankiet/public_html/Source/ass2/1611695/2...
2017-12-17 01:46:40 Error in auto mark for /home/tuankiet/public_html/Source/ass2/1611695/2:Compile error
2017-12-17 01:46:40 Start auto mark for /home/tuankiet/public_html/Source/ass2/160000/1
2017-12-17 01:46:40 Compiling /home/tuankiet/public_html/Source/ass2/160000/1...
2017-12-17 01:46:41 Running /home/tuankiet/public_html/Source/ass2/160000/1
2017-12-17 01:46:42 Marking /home/tuankiet/public_html/Source/ass2/160000/1
2017-12-17 01:46:42 Finish auto mark for /home/tuankiet/public_html/Source/ass2/160000/1
2017-12-17 01:46:42 Start auto mark for /home/tuankiet/public_html/Source/ass2/16122222/1
2017-12-17 01:46:42 Compiling /home/tuankiet/public_html/Source/ass2/16122222/1...
2017-12-17 01:46:43 Running /home/tuankiet/public_html/Source/ass2/16122222/1
2017-12-17 01:46:50 Marking /home/tuankiet/public_html/Source/ass2/16122222/1
2017-12-17 01:46:50 Finish auto mark for /home/tuankiet/public_html/Source/ass2/16122222/1
2017-12-16 21:48:22 Start auto mark for /home/tuankiet/public_html/Source/ass2/160000/1
2017-12-16 21:48:22 Compiling /home/tuankiet/public_html/Source/ass2/160000/1...
2017-12-16 21:48:22 Running /home/tuankiet/public_html/Source/ass2/160000/1
2017-12-16 21:48:23 Marking /home/tuankiet/public_html/Source/ass2/160000/1
2017-12-16 21:48:23 Finish auto mark for /home/tuankiet/public_html/Source/ass2/160000/1
2017-12-16 21:54:36 Start auto mark for /home/tuankiet/public_html/Source/ass2/160000/1
2017-12-16 21:54:36 Compiling /home/tuankiet/public_html/Source/ass2/160000/1...
2017-12-16 21:54:36 Running /home/tuankiet/public_html/Source/ass2/160000/1
2017-12-16 21:54:37 Marking /home/tuankiet/public_html/Source/ass2/160000/1
2017-12-16 21:54:37 Finish auto mark for /home/tuankiet/public_html/Source/ass2/160000/1
2017-12-16 21:57:39 Start auto mark for /home/tuankiet/public_html/Source/ass2/160000/1/log
2017-12-16 21:57:39 Compiling /home/tuankiet/public_html/Source/ass2/160000/1/log...
2017-12-16 21:57:39 Error in auto mark for /home/tuankiet/public_html/Source/ass2/160000/1/log:Error pro.xml
2017-12-16 21:58:18 Start auto mark for /home/tuankiet/public_html/Source/ass2/160000/1
2017-12-16 21:58:18 Compiling /home/tuankiet/public_html/Source/ass2/160000/1...
2017-12-16 21:58:18 Running /home/tuankiet/public_html/Source/ass2/160000/1
2017-12-16 21:58:19 Marking /home/tuankiet/public_html/Source/ass2/160000/1
2017-12-16 21:58:19 Finish auto mark for /home/tuankiet/public_html/Source/ass2/160000/1
2017-12-16 22:00:49 Start auto mark for /home/tuankiet/public_html/Source/ass2/160000/1
2017-12-16 22:00:49 Compiling /home/tuankiet/public_html/Source/ass2/160000/1...
2017-12-16 22:00:51 Running /home/tuankiet/public_html/Source/ass2/160000/1
2017-12-16 22:00:51 Marking /home/tuankiet/public_html/Source/ass2/160000/1
2017-12-16 22:00:51 Finish auto mark for /home/tuankiet/public_html/Source/ass2/160000/1
2017-12-18 14:10:58 Move /home/tuankiet/public_html/Upload/TEST/1611695_0.zip to /home/tuankiet/public_html/Source/TEST/1611695/3
2017-12-18 14:10:58 Start auto mark for /home/tuankiet/public_html/Source/TEST/1611695/3
2017-12-18 14:10:58 Compiling /home/tuankiet/public_html/Source/TEST/1611695/3...
2017-12-18 14:10:58 Error in auto mark for /home/tuankiet/public_html/Source/TEST/1611695/3:Error pro.xml
2017-12-18 14:12:33 Move /home/tuankiet/public_html/Upload/TEST/1611695_0.zip to /home/tuankiet/public_html/Source/TEST/1611695/1
2017-12-18 14:12:33 Start auto mark for /home/tuankiet/public_html/Source/TEST/1611695/1
2017-12-18 14:12:33 Compiling /home/tuankiet/public_html/Source/TEST/1611695/1...
2017-12-18 14:12:33 Error in auto mark for /home/tuankiet/public_html/Source/TEST/1611695/1:Error pro.xml
2017-12-18 14:15:29 Move /home/tuankiet/public_html/Upload/TEST/1611695_0.zip to /home/tuankiet/public_html/Source/TEST/1611695/2
2017-12-18 14:15:29 Start auto mark for /home/tuankiet/public_html/Source/TEST/1611695/2
2017-12-18 14:15:29 Compiling /home/tuankiet/public_html/Source/TEST/1611695/2...
2017-12-18 14:15:30 Running /home/tuankiet/public_html/Source/TEST/1611695/2
2017-12-18 14:15:30 Marking /home/tuankiet/public_html/Source/TEST/1611695/2
2017-12-18 14:15:30 Error in auto mark for /home/tuankiet/public_html/Source/TEST/1611695/2:Invalid format
2017-12-18 14:18:28 Start auto mark for /home/tuankiet/public_html/Source/TEST/1611695/2
2017-12-18 14:18:28 Compiling /home/tuankiet/public_html/Source/TEST/1611695/2...
2017-12-18 14:18:28 Running /home/tuankiet/public_html/Source/TEST/1611695/2
2017-12-18 14:18:29 Marking /home/tuankiet/public_html/Source/TEST/1611695/2
2017-12-18 14:18:29 Error in auto mark for /home/tuankiet/public_html/Source/TEST/1611695/2:File input don't match with file format
2017-12-18 14:20:02 Start auto mark for /home/tuankiet/public_html/Source/TEST/1611695/2
2017-12-18 14:20:02 Compiling /home/tuankiet/public_html/Source/TEST/1611695/2...
2017-12-18 14:20:02 Running /home/tuankiet/public_html/Source/TEST/1611695/2
2017-12-18 14:20:03 Marking /home/tuankiet/public_html/Source/TEST/1611695/2
2017-12-18 14:20:03 Error in auto mark for /home/tuankiet/public_html/Source/TEST/1611695/2:File input don't match with file format
2017-12-18 14:23:05 Start auto mark for /home/tuankiet/public_html/Source/TEST/1611695/2
2017-12-18 14:23:05 Compiling /home/tuankiet/public_html/Source/TEST/1611695/2...
2017-12-18 14:23:05 Running /home/tuankiet/public_html/Source/TEST/1611695/2
2017-12-18 14:23:05 Marking /home/tuankiet/public_html/Source/TEST/1611695/2
2017-12-18 14:23:06 Error in auto mark for /home/tuankiet/public_html/Source/TEST/1611695/2:File input don't match with file format
2017-12-18 14:29:02 Start auto mark for /home/tuankiet/public_html/Source/TEST/1611695/2
2017-12-18 14:29:02 Compiling /home/tuankiet/public_html/Source/TEST/1611695/2...
2017-12-18 14:29:02 Running /home/tuankiet/public_html/Source/TEST/1611695/2
2017-12-18 14:29:03 Marking /home/tuankiet/public_html/Source/TEST/1611695/2
2017-12-18 14:29:03 Error in auto mark for /home/tuankiet/public_html/Source/TEST/1611695/2:Invalid format
2017-12-18 14:31:42 Start auto mark for /home/tuankiet/public_html/Source/TEST/1611695/2
2017-12-18 14:31:42 Compiling /home/tuankiet/public_html/Source/TEST/1611695/2...
2017-12-18 14:31:42 Running /home/tuankiet/public_html/Source/TEST/1611695/2
2017-12-18 14:31:42 Marking /home/tuankiet/public_html/Source/TEST/1611695/2
2017-12-18 14:31:42 Error in auto mark for /home/tuankiet/public_html/Source/TEST/1611695/2:Invalid format
2017-12-18 14:33:27 Start auto mark for /home/tuankiet/public_html/Source/TEST/1611695/2
2017-12-18 14:33:27 Compiling /home/tuankiet/public_html/Source/TEST/1611695/2...
2017-12-18 14:33:27 Running /home/tuankiet/public_html/Source/TEST/1611695/2
2017-12-18 14:33:27 Marking /home/tuankiet/public_html/Source/TEST/1611695/2
2017-12-18 14:33:27 Finish auto mark for /home/tuankiet/public_html/Source/TEST/1611695/2
2017-12-18 14:38:29 Start auto mark for /home/tuankiet/public_html/Source/TEST/1611695/2
2017-12-18 14:38:29 Compiling /home/tuankiet/public_html/Source/TEST/1611695/2...
2017-12-18 14:38:29 Running /home/tuankiet/public_html/Source/TEST/1611695/2
2017-12-18 14:38:30 Marking /home/tuankiet/public_html/Source/TEST/1611695/2
2017-12-18 14:38:30 Finish auto mark for /home/tuankiet/public_html/Source/TEST/1611695/2
2017-12-18 14:48:50 Start auto mark for /home/tuankiet/public_html/Source/TEST/1611695/1
2017-12-18 14:48:50 Compiling /home/tuankiet/public_html/Source/TEST/1611695/1...
2017-12-18 14:48:51 Running /home/tuankiet/public_html/Source/TEST/1611695/1
2017-12-18 14:48:52 Marking /home/tuankiet/public_html/Source/TEST/1611695/1
2017-12-18 14:48:52 Finish auto mark for /home/tuankiet/public_html/Source/TEST/1611695/1
